[INFO  - 2014-03-03T18:37:55.568Z] GhostDriver - Main - running on port 58107
[INFO  - 2014-03-03T18:37:55.606Z] Session [ef950630-a302-11e3-8b4e-c9b606dcfe35] - _decorateNewWindow - page.settings: {"XSSAuditingEnabled":false,"javascriptCanCloseWindows":true,"javascriptCanOpenWindows":true,"javascriptEnabled":true,"loadImages":true,"localToRemoteUrlAccessEnabled":false,"userAgent":"Mozilla/5.0 (Macintosh; PPC Mac OS X) AppleWebKit/534.34 (KHTML, like Gecko) PhantomJS/1.9.2 Safari/534.34","webSecurityEnabled":true}
[INFO  - 2014-03-03T18:37:55.606Z] Session [ef950630-a302-11e3-8b4e-c9b606dcfe35] - page.customHeaders:  - {}
[INFO  - 2014-03-03T18:37:55.606Z] Session [ef950630-a302-11e3-8b4e-c9b606dcfe35] - CONSTRUCTOR - Desired Capabilities: {"browserName":"phantomjs"}
[INFO  - 2014-03-03T18:37:55.606Z] Session [ef950630-a302-11e3-8b4e-c9b606dcfe35] - CONSTRUCTOR - Negotiated Capabilities: {"browserName":"phantomjs","version":"1.9.2","driverName":"ghostdriver","driverVersion":"1.0.4","platform":"mac-10.8 (Mountain Lion)-64bit","javascriptEnabled":true,"takesScreenshot":true,"handlesAlerts":false,"databaseEnabled":false,"locationContextEnabled":false,"applicationCacheEnabled":false,"browserConnectionEnabled":false,"cssSelectorsEnabled":true,"webStorageEnabled":false,"rotatable":false,"acceptSslCerts":false,"nativeEvents":true,"proxy":{"proxyType":"direct"}}
[INFO  - 2014-03-03T18:37:55.606Z] SessionManagerReqHand - _postNewSessionCommand - New Session Created: ef950630-a302-11e3-8b4e-c9b606dcfe35
[INFO  - 2014-03-03T18:41:00.230Z] GhostDriver - Main - running on port 59331
[INFO  - 2014-03-03T18:41:00.266Z] Session [5da5e770-a303-11e3-af43-ffcdd2afd15a] - _decorateNewWindow - page.settings: {"XSSAuditingEnabled":false,"javascriptCanCloseWindows":true,"javascriptCanOpenWindows":true,"javascriptEnabled":true,"loadImages":true,"localToRemoteUrlAccessEnabled":false,"userAgent":"Mozilla/5.0 (Macintosh; PPC Mac OS X) AppleWebKit/534.34 (KHTML, like Gecko) PhantomJS/1.9.2 Safari/534.34","webSecurityEnabled":true}
[INFO  - 2014-03-03T18:41:00.267Z] Session [5da5e770-a303-11e3-af43-ffcdd2afd15a] - page.customHeaders:  - {}
[INFO  - 2014-03-03T18:41:00.267Z] Session [5da5e770-a303-11e3-af43-ffcdd2afd15a] - CONSTRUCTOR - Desired Capabilities: {"browserName":"phantomjs"}
[INFO  - 2014-03-03T18:41:00.267Z] Session [5da5e770-a303-11e3-af43-ffcdd2afd15a] - CONSTRUCTOR - Negotiated Capabilities: {"browserName":"phantomjs","version":"1.9.2","driverName":"ghostdriver","driverVersion":"1.0.4","platform":"mac-10.8 (Mountain Lion)-64bit","javascriptEnabled":true,"takesScreenshot":true,"handlesAlerts":false,"databaseEnabled":false,"locationContextEnabled":false,"applicationCacheEnabled":false,"browserConnectionEnabled":false,"cssSelectorsEnabled":true,"webStorageEnabled":false,"rotatable":false,"acceptSslCerts":false,"nativeEvents":true,"proxy":{"proxyType":"direct"}}
[INFO  - 2014-03-03T18:41:00.267Z] SessionManagerReqHand - _postNewSessionCommand - New Session Created: 5da5e770-a303-11e3-af43-ffcdd2afd15a
[INFO  - 2014-03-03T18:41:25.170Z] GhostDriver - Main - running on port 57364
[INFO  - 2014-03-03T18:41:25.204Z] Session [6c832410-a303-11e3-ad4f-b592bef11a12] - _decorateNewWindow - page.settings: {"XSSAuditingEnabled":false,"javascriptCanCloseWindows":true,"javascriptCanOpenWindows":true,"javascriptEnabled":true,"loadImages":true,"localToRemoteUrlAccessEnabled":false,"userAgent":"Mozilla/5.0 (Macintosh; PPC Mac OS X) AppleWebKit/534.34 (KHTML, like Gecko) PhantomJS/1.9.2 Safari/534.34","webSecurityEnabled":true}
[INFO  - 2014-03-03T18:41:25.204Z] Session [6c832410-a303-11e3-ad4f-b592bef11a12] - page.customHeaders:  - {}
[INFO  - 2014-03-03T18:41:25.204Z] Session [6c832410-a303-11e3-ad4f-b592bef11a12] - CONSTRUCTOR - Desired Capabilities: {"browserName":"phantomjs"}
[INFO  - 2014-03-03T18:41:25.204Z] Session [6c832410-a303-11e3-ad4f-b592bef11a12] - CONSTRUCTOR - Negotiated Capabilities: {"browserName":"phantomjs","version":"1.9.2","driverName":"ghostdriver","driverVersion":"1.0.4","platform":"mac-10.8 (Mountain Lion)-64bit","javascriptEnabled":true,"takesScreenshot":true,"handlesAlerts":false,"databaseEnabled":false,"locationContextEnabled":false,"applicationCacheEnabled":false,"browserConnectionEnabled":false,"cssSelectorsEnabled":true,"webStorageEnabled":false,"rotatable":false,"acceptSslCerts":false,"nativeEvents":true,"proxy":{"proxyType":"direct"}}
[INFO  - 2014-03-03T18:41:25.204Z] SessionManagerReqHand - _postNewSessionCommand - New Session Created: 6c832410-a303-11e3-ad4f-b592bef11a12
[INFO  - 2014-03-07T16:34:54.881Z] GhostDriver - Main - running on port 60958
[INFO  - 2014-03-07T16:34:54.944Z] Session [6a0460d0-a616-11e3-bfd6-59e53e37442d] - page.settings - {"XSSAuditingEnabled":false,"javascriptCanCloseWindows":true,"javascriptCanOpenWindows":true,"javascriptEnabled":true,"loadImages":true,"localToRemoteUrlAccessEnabled":false,"userAgent":"Mozilla/5.0 (Macintosh; PPC Mac OS X) AppleWebKit/534.34 (KHTML, like Gecko) PhantomJS/1.9.7 Safari/534.34","webSecurityEnabled":true}
[INFO  - 2014-03-07T16:34:54.944Z] Session [6a0460d0-a616-11e3-bfd6-59e53e37442d] - page.customHeaders:  - {}
[INFO  - 2014-03-07T16:34:54.945Z] Session [6a0460d0-a616-11e3-bfd6-59e53e37442d] - Session.negotiatedCapabilities - {"browserName":"phantomjs","version":"1.9.7","driverName":"ghostdriver","driverVersion":"1.1.0","platform":"mac-10.8 (Mountain Lion)-64bit","javascriptEnabled":true,"takesScreenshot":true,"handlesAlerts":false,"databaseEnabled":false,"locationContextEnabled":false,"applicationCacheEnabled":false,"browserConnectionEnabled":false,"cssSelectorsEnabled":true,"webStorageEnabled":false,"rotatable":false,"acceptSslCerts":false,"nativeEvents":true,"proxy":{"proxyType":"direct"}}
[INFO  - 2014-03-07T16:34:54.945Z] SessionManagerReqHand - _postNewSessionCommand - New Session Created: 6a0460d0-a616-11e3-bfd6-59e53e37442d
[INFO  - 2014-03-07T16:36:54.488Z] GhostDriver - Main - running on port 50757
[INFO  - 2014-03-07T16:36:54.505Z] Session [b147f060-a616-11e3-82da-4fc1ed21580a] - page.settings - {"XSSAuditingEnabled":false,"javascriptCanCloseWindows":true,"javascriptCanOpenWindows":true,"javascriptEnabled":true,"loadImages":true,"localToRemoteUrlAccessEnabled":false,"userAgent":"Mozilla/5.0 (Macintosh; PPC Mac OS X) AppleWebKit/534.34 (KHTML, like Gecko) PhantomJS/1.9.7 Safari/534.34","webSecurityEnabled":true}
[INFO  - 2014-03-07T16:36:54.505Z] Session [b147f060-a616-11e3-82da-4fc1ed21580a] - page.customHeaders:  - {}
[INFO  - 2014-03-07T16:36:54.505Z] Session [b147f060-a616-11e3-82da-4fc1ed21580a] - Session.negotiatedCapabilities - {"browserName":"phantomjs","version":"1.9.7","driverName":"ghostdriver","driverVersion":"1.1.0","platform":"mac-10.8 (Mountain Lion)-64bit","javascriptEnabled":true,"takesScreenshot":true,"handlesAlerts":false,"databaseEnabled":false,"locationContextEnabled":false,"applicationCacheEnabled":false,"browserConnectionEnabled":false,"cssSelectorsEnabled":true,"webStorageEnabled":false,"rotatable":false,"acceptSslCerts":false,"nativeEvents":true,"proxy":{"proxyType":"direct"}}
[INFO  - 2014-03-07T16:36:54.505Z] SessionManagerReqHand - _postNewSessionCommand - New Session Created: b147f060-a616-11e3-82da-4fc1ed21580a
[INFO  - 2014-03-07T16:38:44.503Z] GhostDriver - Main - running on port 62555
[INFO  - 2014-03-07T16:38:44.557Z] Session [f2e08aa0-a616-11e3-b0c8-8fba8f16f717] - page.settings - {"XSSAuditingEnabled":false,"javascriptCanCloseWindows":true,"javascriptCanOpenWindows":true,"javascriptEnabled":true,"loadImages":true,"localToRemoteUrlAccessEnabled":false,"userAgent":"Mozilla/5.0 (Macintosh; PPC Mac OS X) AppleWebKit/534.34 (KHTML, like Gecko) PhantomJS/1.9.7 Safari/534.34","webSecurityEnabled":true}
[INFO  - 2014-03-07T16:38:44.557Z] Session [f2e08aa0-a616-11e3-b0c8-8fba8f16f717] - page.customHeaders:  - {}
[INFO  - 2014-03-07T16:38:44.557Z] Session [f2e08aa0-a616-11e3-b0c8-8fba8f16f717] - Session.negotiatedCapabilities - {"browserName":"phantomjs","version":"1.9.7","driverName":"ghostdriver","driverVersion":"1.1.0","platform":"mac-10.8 (Mountain Lion)-64bit","javascriptEnabled":true,"takesScreenshot":true,"handlesAlerts":false,"databaseEnabled":false,"locationContextEnabled":false,"applicationCacheEnabled":false,"browserConnectionEnabled":false,"cssSelectorsEnabled":true,"webStorageEnabled":false,"rotatable":false,"acceptSslCerts":false,"nativeEvents":true,"proxy":{"proxyType":"direct"}}
[INFO  - 2014-03-07T16:38:44.557Z] SessionManagerReqHand - _postNewSessionCommand - New Session Created: f2e08aa0-a616-11e3-b0c8-8fba8f16f717
[INFO  - 2014-03-07T16:39:51.427Z] GhostDriver - Main - running on port 54755
[INFO  - 2014-03-07T16:39:51.446Z] Session [1abed720-a617-11e3-a271-8b1c9f00aa3d] - page.settings - {"XSSAuditingEnabled":false,"javascriptCanCloseWindows":true,"javascriptCanOpenWindows":true,"javascriptEnabled":true,"loadImages":true,"localToRemoteUrlAccessEnabled":false,"userAgent":"Mozilla/5.0 (Macintosh; PPC Mac OS X) AppleWebKit/534.34 (KHTML, like Gecko) PhantomJS/1.9.7 Safari/534.34","webSecurityEnabled":true}
[INFO  - 2014-03-07T16:39:51.446Z] Session [1abed720-a617-11e3-a271-8b1c9f00aa3d] - page.customHeaders:  - {}
[INFO  - 2014-03-07T16:39:51.446Z] Session [1abed720-a617-11e3-a271-8b1c9f00aa3d] - Session.negotiatedCapabilities - {"browserName":"phantomjs","version":"1.9.7","driverName":"ghostdriver","driverVersion":"1.1.0","platform":"mac-10.8 (Mountain Lion)-64bit","javascriptEnabled":true,"takesScreenshot":true,"handlesAlerts":false,"databaseEnabled":false,"locationContextEnabled":false,"applicationCacheEnabled":false,"browserConnectionEnabled":false,"cssSelectorsEnabled":true,"webStorageEnabled":false,"rotatable":false,"acceptSslCerts":false,"nativeEvents":true,"proxy":{"proxyType":"direct"}}
[INFO  - 2014-03-07T16:39:51.446Z] SessionManagerReqHand - _postNewSessionCommand - New Session Created: 1abed720-a617-11e3-a271-8b1c9f00aa3d
[INFO  - 2014-03-07T16:40:44.347Z] GhostDriver - Main - running on port 50574
[INFO  - 2014-03-07T16:40:44.365Z] Session [3a49caa0-a617-11e3-8da5-7b533be5dd47] - page.settings - {"XSSAuditingEnabled":false,"javascriptCanCloseWindows":true,"javascriptCanOpenWindows":true,"javascriptEnabled":true,"loadImages":true,"localToRemoteUrlAccessEnabled":false,"userAgent":"Mozilla/5.0 (Macintosh; PPC Mac OS X) AppleWebKit/534.34 (KHTML, like Gecko) PhantomJS/1.9.7 Safari/534.34","webSecurityEnabled":true}
[INFO  - 2014-03-07T16:40:44.365Z] Session [3a49caa0-a617-11e3-8da5-7b533be5dd47] - page.customHeaders:  - {}
[INFO  - 2014-03-07T16:40:44.365Z] Session [3a49caa0-a617-11e3-8da5-7b533be5dd47] - Session.negotiatedCapabilities - {"browserName":"phantomjs","version":"1.9.7","driverName":"ghostdriver","driverVersion":"1.1.0","platform":"mac-10.8 (Mountain Lion)-64bit","javascriptEnabled":true,"takesScreenshot":true,"handlesAlerts":false,"databaseEnabled":false,"locationContextEnabled":false,"applicationCacheEnabled":false,"browserConnectionEnabled":false,"cssSelectorsEnabled":true,"webStorageEnabled":false,"rotatable":false,"acceptSslCerts":false,"nativeEvents":true,"proxy":{"proxyType":"direct"}}
[INFO  - 2014-03-07T16:40:44.365Z] SessionManagerReqHand - _postNewSessionCommand - New Session Created: 3a49caa0-a617-11e3-8da5-7b533be5dd47
[INFO  - 2014-03-07T16:41:25.359Z] GhostDriver - Main - running on port 50574
[INFO  - 2014-03-07T16:41:25.377Z] Session [52bbb9e0-a617-11e3-adb0-af0a5532e15c] - page.settings - {"XSSAuditingEnabled":false,"javascriptCanCloseWindows":true,"javascriptCanOpenWindows":true,"javascriptEnabled":true,"loadImages":true,"localToRemoteUrlAccessEnabled":false,"userAgent":"Mozilla/5.0 (Macintosh; PPC Mac OS X) AppleWebKit/534.34 (KHTML, like Gecko) PhantomJS/1.9.7 Safari/534.34","webSecurityEnabled":true}
[INFO  - 2014-03-07T16:41:25.377Z] Session [52bbb9e0-a617-11e3-adb0-af0a5532e15c] - page.customHeaders:  - {}
[INFO  - 2014-03-07T16:41:25.377Z] Session [52bbb9e0-a617-11e3-adb0-af0a5532e15c] - Session.negotiatedCapabilities - {"browserName":"phantomjs","version":"1.9.7","driverName":"ghostdriver","driverVersion":"1.1.0","platform":"mac-10.8 (Mountain Lion)-64bit","javascriptEnabled":true,"takesScreenshot":true,"handlesAlerts":false,"databaseEnabled":false,"locationContextEnabled":false,"applicationCacheEnabled":false,"browserConnectionEnabled":false,"cssSelectorsEnabled":true,"webStorageEnabled":false,"rotatable":false,"acceptSslCerts":false,"nativeEvents":true,"proxy":{"proxyType":"direct"}}
[INFO  - 2014-03-07T16:41:25.377Z] SessionManagerReqHand - _postNewSessionCommand - New Session Created: 52bbb9e0-a617-11e3-adb0-af0a5532e15c
[INFO  - 2014-03-07T16:41:57.172Z] GhostDriver - Main - running on port 49812
[INFO  - 2014-03-07T16:41:57.227Z] Session [65b7a680-a617-11e3-8259-83734cfe029f] - page.settings - {"XSSAuditingEnabled":false,"javascriptCanCloseWindows":true,"javascriptCanOpenWindows":true,"javascriptEnabled":true,"loadImages":true,"localToRemoteUrlAccessEnabled":false,"userAgent":"Mozilla/5.0 (Macintosh; PPC Mac OS X) AppleWebKit/534.34 (KHTML, like Gecko) PhantomJS/1.9.7 Safari/534.34","webSecurityEnabled":true}
[INFO  - 2014-03-07T16:41:57.227Z] Session [65b7a680-a617-11e3-8259-83734cfe029f] - page.customHeaders:  - {}
[INFO  - 2014-03-07T16:41:57.227Z] Session [65b7a680-a617-11e3-8259-83734cfe029f] - Session.negotiatedCapabilities - {"browserName":"phantomjs","version":"1.9.7","driverName":"ghostdriver","driverVersion":"1.1.0","platform":"mac-10.8 (Mountain Lion)-64bit","javascriptEnabled":true,"takesScreenshot":true,"handlesAlerts":false,"databaseEnabled":false,"locationContextEnabled":false,"applicationCacheEnabled":false,"browserConnectionEnabled":false,"cssSelectorsEnabled":true,"webStorageEnabled":false,"rotatable":false,"acceptSslCerts":false,"nativeEvents":true,"proxy":{"proxyType":"direct"}}
[INFO  - 2014-03-07T16:41:57.227Z] SessionManagerReqHand - _postNewSessionCommand - New Session Created: 65b7a680-a617-11e3-8259-83734cfe029f
[INFO  - 2014-03-07T16:43:39.459Z] GhostDriver - Main - running on port 57233
[INFO  - 2014-03-07T16:43:39.494Z] Session [a2ac5b30-a617-11e3-b4fe-158f5cd07dcd] - page.settings - {"XSSAuditingEnabled":false,"javascriptCanCloseWindows":true,"javascriptCanOpenWindows":true,"javascriptEnabled":true,"loadImages":true,"localToRemoteUrlAccessEnabled":false,"userAgent":"Mozilla/5.0 (Macintosh; PPC Mac OS X) AppleWebKit/534.34 (KHTML, like Gecko) PhantomJS/1.9.7 Safari/534.34","webSecurityEnabled":true}
[INFO  - 2014-03-07T16:43:39.494Z] Session [a2ac5b30-a617-11e3-b4fe-158f5cd07dcd] - page.customHeaders:  - {}
[INFO  - 2014-03-07T16:43:39.494Z] Session [a2ac5b30-a617-11e3-b4fe-158f5cd07dcd] - Session.negotiatedCapabilities - {"browserName":"phantomjs","version":"1.9.7","driverName":"ghostdriver","driverVersion":"1.1.0","platform":"mac-10.8 (Mountain Lion)-64bit","javascriptEnabled":true,"takesScreenshot":true,"handlesAlerts":false,"databaseEnabled":false,"locationContextEnabled":false,"applicationCacheEnabled":false,"browserConnectionEnabled":false,"cssSelectorsEnabled":true,"webStorageEnabled":false,"rotatable":false,"acceptSslCerts":false,"nativeEvents":true,"proxy":{"proxyType":"direct"}}
[INFO  - 2014-03-07T16:43:39.494Z] SessionManagerReqHand - _postNewSessionCommand - New Session Created: a2ac5b30-a617-11e3-b4fe-158f5cd07dcd
[INFO  - 2014-03-07T16:44:28.989Z] GhostDriver - Main - running on port 63138
[INFO  - 2014-03-07T16:44:29.048Z] Session [c035b250-a617-11e3-9144-49b56e259b54] - page.settings - {"XSSAuditingEnabled":false,"javascriptCanCloseWindows":true,"javascriptCanOpenWindows":true,"javascriptEnabled":true,"loadImages":true,"localToRemoteUrlAccessEnabled":false,"userAgent":"Mozilla/5.0 (Macintosh; PPC Mac OS X) AppleWebKit/534.34 (KHTML, like Gecko) PhantomJS/1.9.7 Safari/534.34","webSecurityEnabled":true}
[INFO  - 2014-03-07T16:44:29.048Z] Session [c035b250-a617-11e3-9144-49b56e259b54] - page.customHeaders:  - {}
[INFO  - 2014-03-07T16:44:29.048Z] Session [c035b250-a617-11e3-9144-49b56e259b54] - Session.negotiatedCapabilities - {"browserName":"phantomjs","version":"1.9.7","driverName":"ghostdriver","driverVersion":"1.1.0","platform":"mac-10.8 (Mountain Lion)-64bit","javascriptEnabled":true,"takesScreenshot":true,"handlesAlerts":false,"databaseEnabled":false,"locationContextEnabled":false,"applicationCacheEnabled":false,"browserConnectionEnabled":false,"cssSelectorsEnabled":true,"webStorageEnabled":false,"rotatable":false,"acceptSslCerts":false,"nativeEvents":true,"proxy":{"proxyType":"direct"}}
[INFO  - 2014-03-07T16:44:29.048Z] SessionManagerReqHand - _postNewSessionCommand - New Session Created: c035b250-a617-11e3-9144-49b56e259b54
[INFO  - 2014-03-07T16:46:19.789Z] GhostDriver - Main - running on port 53198
[INFO  - 2014-03-07T16:46:19.844Z] Session [023fd310-a618-11e3-b93a-4decd248b7cb] - page.settings - {"XSSAuditingEnabled":false,"javascriptCanCloseWindows":true,"javascriptCanOpenWindows":true,"javascriptEnabled":true,"loadImages":true,"localToRemoteUrlAccessEnabled":false,"userAgent":"Mozilla/5.0 (Macintosh; PPC Mac OS X) AppleWebKit/534.34 (KHTML, like Gecko) PhantomJS/1.9.7 Safari/534.34","webSecurityEnabled":true}
[INFO  - 2014-03-07T16:46:19.844Z] Session [023fd310-a618-11e3-b93a-4decd248b7cb] - page.customHeaders:  - {}
[INFO  - 2014-03-07T16:46:19.844Z] Session [023fd310-a618-11e3-b93a-4decd248b7cb] - Session.negotiatedCapabilities - {"browserName":"phantomjs","version":"1.9.7","driverName":"ghostdriver","driverVersion":"1.1.0","platform":"mac-10.8 (Mountain Lion)-64bit","javascriptEnabled":true,"takesScreenshot":true,"handlesAlerts":false,"databaseEnabled":false,"locationContextEnabled":false,"applicationCacheEnabled":false,"browserConnectionEnabled":false,"cssSelectorsEnabled":true,"webStorageEnabled":false,"rotatable":false,"acceptSslCerts":false,"nativeEvents":true,"proxy":{"proxyType":"direct"}}
[INFO  - 2014-03-07T16:46:19.845Z] SessionManagerReqHand - _postNewSessionCommand - New Session Created: 023fd310-a618-11e3-b93a-4decd248b7cb
[INFO  - 2014-03-07T17:02:06.924Z] GhostDriver - Main - running on port 53362
[INFO  - 2014-03-07T17:02:06.968Z] Session [36c77a50-a61a-11e3-a899-b7e976b139ed] - page.settings - {"XSSAuditingEnabled":false,"javascriptCanCloseWindows":true,"javascriptCanOpenWindows":true,"javascriptEnabled":true,"loadImages":true,"localToRemoteUrlAccessEnabled":false,"userAgent":"Mozilla/5.0 (Macintosh; PPC Mac OS X) AppleWebKit/534.34 (KHTML, like Gecko) PhantomJS/1.9.7 Safari/534.34","webSecurityEnabled":true}
[INFO  - 2014-03-07T17:02:06.968Z] Session [36c77a50-a61a-11e3-a899-b7e976b139ed] - page.customHeaders:  - {}
[INFO  - 2014-03-07T17:02:06.968Z] Session [36c77a50-a61a-11e3-a899-b7e976b139ed] - Session.negotiatedCapabilities - {"browserName":"phantomjs","version":"1.9.7","driverName":"ghostdriver","driverVersion":"1.1.0","platform":"mac-10.8 (Mountain Lion)-64bit","javascriptEnabled":true,"takesScreenshot":true,"handlesAlerts":false,"databaseEnabled":false,"locationContextEnabled":false,"applicationCacheEnabled":false,"browserConnectionEnabled":false,"cssSelectorsEnabled":true,"webStorageEnabled":false,"rotatable":false,"acceptSslCerts":false,"nativeEvents":true,"proxy":{"proxyType":"direct"}}
[INFO  - 2014-03-07T17:02:06.968Z] SessionManagerReqHand - _postNewSessionCommand - New Session Created: 36c77a50-a61a-11e3-a899-b7e976b139ed
[INFO  - 2014-03-07T17:02:48.377Z] GhostDriver - Main - running on port 60425
[INFO  - 2014-03-07T17:02:48.427Z] Session [4f7d7770-a61a-11e3-af84-2b5c863b1266] - page.settings - {"XSSAuditingEnabled":false,"javascriptCanCloseWindows":true,"javascriptCanOpenWindows":true,"javascriptEnabled":true,"loadImages":true,"localToRemoteUrlAccessEnabled":false,"userAgent":"Mozilla/5.0 (Macintosh; PPC Mac OS X) AppleWebKit/534.34 (KHTML, like Gecko) PhantomJS/1.9.7 Safari/534.34","webSecurityEnabled":true}
[INFO  - 2014-03-07T17:02:48.427Z] Session [4f7d7770-a61a-11e3-af84-2b5c863b1266] - page.customHeaders:  - {}
[INFO  - 2014-03-07T17:02:48.427Z] Session [4f7d7770-a61a-11e3-af84-2b5c863b1266] - Session.negotiatedCapabilities - {"browserName":"phantomjs","version":"1.9.7","driverName":"ghostdriver","driverVersion":"1.1.0","platform":"mac-10.8 (Mountain Lion)-64bit","javascriptEnabled":true,"takesScreenshot":true,"handlesAlerts":false,"databaseEnabled":false,"locationContextEnabled":false,"applicationCacheEnabled":false,"browserConnectionEnabled":false,"cssSelectorsEnabled":true,"webStorageEnabled":false,"rotatable":false,"acceptSslCerts":false,"nativeEvents":true,"proxy":{"proxyType":"direct"}}
[INFO  - 2014-03-07T17:02:48.427Z] SessionManagerReqHand - _postNewSessionCommand - New Session Created: 4f7d7770-a61a-11e3-af84-2b5c863b1266
[INFO  - 2014-03-07T17:04:04.382Z] GhostDriver - Main - running on port 57842
[INFO  - 2014-03-07T17:04:04.401Z] Session [7cc654e0-a61a-11e3-a758-77a6561f9ada] - page.settings - {"XSSAuditingEnabled":false,"javascriptCanCloseWindows":true,"javascriptCanOpenWindows":true,"javascriptEnabled":true,"loadImages":true,"localToRemoteUrlAccessEnabled":false,"userAgent":"Mozilla/5.0 (Macintosh; PPC Mac OS X) AppleWebKit/534.34 (KHTML, like Gecko) PhantomJS/1.9.7 Safari/534.34","webSecurityEnabled":true}
[INFO  - 2014-03-07T17:04:04.401Z] Session [7cc654e0-a61a-11e3-a758-77a6561f9ada] - page.customHeaders:  - {}
[INFO  - 2014-03-07T17:04:04.401Z] Session [7cc654e0-a61a-11e3-a758-77a6561f9ada] - Session.negotiatedCapabilities - {"browserName":"phantomjs","version":"1.9.7","driverName":"ghostdriver","driverVersion":"1.1.0","platform":"mac-10.8 (Mountain Lion)-64bit","javascriptEnabled":true,"takesScreenshot":true,"handlesAlerts":false,"databaseEnabled":false,"locationContextEnabled":false,"applicationCacheEnabled":false,"browserConnectionEnabled":false,"cssSelectorsEnabled":true,"webStorageEnabled":false,"rotatable":false,"acceptSslCerts":false,"nativeEvents":true,"proxy":{"proxyType":"direct"}}
[INFO  - 2014-03-07T17:04:04.401Z] SessionManagerReqHand - _postNewSessionCommand - New Session Created: 7cc654e0-a61a-11e3-a758-77a6561f9ada
[INFO  - 2014-03-07T17:04:42.831Z] GhostDriver - Main - running on port 60434
[INFO  - 2014-03-07T17:04:42.848Z] Session [93b0e0d0-a61a-11e3-b329-c9c30164d3f1] - page.settings - {"XSSAuditingEnabled":false,"javascriptCanCloseWindows":true,"javascriptCanOpenWindows":true,"javascriptEnabled":true,"loadImages":true,"localToRemoteUrlAccessEnabled":false,"userAgent":"Mozilla/5.0 (Macintosh; PPC Mac OS X) AppleWebKit/534.34 (KHTML, like Gecko) PhantomJS/1.9.7 Safari/534.34","webSecurityEnabled":true}
[INFO  - 2014-03-07T17:04:42.848Z] Session [93b0e0d0-a61a-11e3-b329-c9c30164d3f1] - page.customHeaders:  - {}
[INFO  - 2014-03-07T17:04:42.848Z] Session [93b0e0d0-a61a-11e3-b329-c9c30164d3f1] - Session.negotiatedCapabilities - {"browserName":"phantomjs","version":"1.9.7","driverName":"ghostdriver","driverVersion":"1.1.0","platform":"mac-10.8 (Mountain Lion)-64bit","javascriptEnabled":true,"takesScreenshot":true,"handlesAlerts":false,"databaseEnabled":false,"locationContextEnabled":false,"applicationCacheEnabled":false,"browserConnectionEnabled":false,"cssSelectorsEnabled":true,"webStorageEnabled":false,"rotatable":false,"acceptSslCerts":false,"nativeEvents":true,"proxy":{"proxyType":"direct"}}
[INFO  - 2014-03-07T17:04:42.848Z] SessionManagerReqHand - _postNewSessionCommand - New Session Created: 93b0e0d0-a61a-11e3-b329-c9c30164d3f1
[INFO  - 2014-03-07T17:05:57.442Z] GhostDriver - Main - running on port 50474
[INFO  - 2014-03-07T17:05:57.500Z] Session [c02fde90-a61a-11e3-9f76-79acc5d10b2b] - page.settings - {"XSSAuditingEnabled":false,"javascriptCanCloseWindows":true,"javascriptCanOpenWindows":true,"javascriptEnabled":true,"loadImages":true,"localToRemoteUrlAccessEnabled":false,"userAgent":"Mozilla/5.0 (Macintosh; PPC Mac OS X) AppleWebKit/534.34 (KHTML, like Gecko) PhantomJS/1.9.7 Safari/534.34","webSecurityEnabled":true}
[INFO  - 2014-03-07T17:05:57.500Z] Session [c02fde90-a61a-11e3-9f76-79acc5d10b2b] - page.customHeaders:  - {}
[INFO  - 2014-03-07T17:05:57.500Z] Session [c02fde90-a61a-11e3-9f76-79acc5d10b2b] - Session.negotiatedCapabilities - {"browserName":"phantomjs","version":"1.9.7","driverName":"ghostdriver","driverVersion":"1.1.0","platform":"mac-10.8 (Mountain Lion)-64bit","javascriptEnabled":true,"takesScreenshot":true,"handlesAlerts":false,"databaseEnabled":false,"locationContextEnabled":false,"applicationCacheEnabled":false,"browserConnectionEnabled":false,"cssSelectorsEnabled":true,"webStorageEnabled":false,"rotatable":false,"acceptSslCerts":false,"nativeEvents":true,"proxy":{"proxyType":"direct"}}
[INFO  - 2014-03-07T17:05:57.500Z] SessionManagerReqHand - _postNewSessionCommand - New Session Created: c02fde90-a61a-11e3-9f76-79acc5d10b2b
[INFO  - 2014-03-07T17:37:06.026Z] GhostDriver - Main - running on port 56461
[INFO  - 2014-03-07T17:37:06.084Z] Session [19f32910-a61f-11e3-b8ce-4138483d39a9] - page.settings - {"XSSAuditingEnabled":false,"javascriptCanCloseWindows":true,"javascriptCanOpenWindows":true,"javascriptEnabled":true,"loadImages":true,"localToRemoteUrlAccessEnabled":false,"userAgent":"Mozilla/5.0 (Macintosh; PPC Mac OS X) AppleWebKit/534.34 (KHTML, like Gecko) PhantomJS/1.9.7 Safari/534.34","webSecurityEnabled":true}
[INFO  - 2014-03-07T17:37:06.084Z] Session [19f32910-a61f-11e3-b8ce-4138483d39a9] - page.customHeaders:  - {}
[INFO  - 2014-03-07T17:37:06.084Z] Session [19f32910-a61f-11e3-b8ce-4138483d39a9] - Session.negotiatedCapabilities - {"browserName":"phantomjs","version":"1.9.7","driverName":"ghostdriver","driverVersion":"1.1.0","platform":"mac-10.8 (Mountain Lion)-64bit","javascriptEnabled":true,"takesScreenshot":true,"handlesAlerts":false,"databaseEnabled":false,"locationContextEnabled":false,"applicationCacheEnabled":false,"browserConnectionEnabled":false,"cssSelectorsEnabled":true,"webStorageEnabled":false,"rotatable":false,"acceptSslCerts":false,"nativeEvents":true,"proxy":{"proxyType":"direct"}}
[INFO  - 2014-03-07T17:37:06.084Z] SessionManagerReqHand - _postNewSessionCommand - New Session Created: 19f32910-a61f-11e3-b8ce-4138483d39a9
[INFO  - 2014-03-09T17:42:48.092Z] GhostDriver - Main - running on port 55282
[INFO  - 2014-03-09T17:42:48.143Z] Session [3aa8b8c0-a7b2-11e3-9d91-ef8b28859577] - page.settings - {"XSSAuditingEnabled":false,"javascriptCanCloseWindows":true,"javascriptCanOpenWindows":true,"javascriptEnabled":true,"loadImages":true,"localToRemoteUrlAccessEnabled":false,"userAgent":"Mozilla/5.0 (Macintosh; PPC Mac OS X) AppleWebKit/534.34 (KHTML, like Gecko) PhantomJS/1.9.7 Safari/534.34","webSecurityEnabled":true}
[INFO  - 2014-03-09T17:42:48.143Z] Session [3aa8b8c0-a7b2-11e3-9d91-ef8b28859577] - page.customHeaders:  - {}
[INFO  - 2014-03-09T17:42:48.143Z] Session [3aa8b8c0-a7b2-11e3-9d91-ef8b28859577] - Session.negotiatedCapabilities - {"browserName":"phantomjs","version":"1.9.7","driverName":"ghostdriver","driverVersion":"1.1.0","platform":"mac-10.8 (Mountain Lion)-64bit","javascriptEnabled":true,"takesScreenshot":true,"handlesAlerts":false,"databaseEnabled":false,"locationContextEnabled":false,"applicationCacheEnabled":false,"browserConnectionEnabled":false,"cssSelectorsEnabled":true,"webStorageEnabled":false,"rotatable":false,"acceptSslCerts":false,"nativeEvents":true,"proxy":{"proxyType":"direct"}}
[INFO  - 2014-03-09T17:42:48.143Z] SessionManagerReqHand - _postNewSessionCommand - New Session Created: 3aa8b8c0-a7b2-11e3-9d91-ef8b28859577
[INFO  - 2014-03-09T17:43:17.489Z] GhostDriver - Main - running on port 55448
[INFO  - 2014-03-09T17:43:17.517Z] Session [4c2ad6a0-a7b2-11e3-a8c8-41ea675f8a52] - page.settings - {"XSSAuditingEnabled":false,"javascriptCanCloseWindows":true,"javascriptCanOpenWindows":true,"javascriptEnabled":true,"loadImages":true,"localToRemoteUrlAccessEnabled":false,"userAgent":"Mozilla/5.0 (Macintosh; PPC Mac OS X) AppleWebKit/534.34 (KHTML, like Gecko) PhantomJS/1.9.7 Safari/534.34","webSecurityEnabled":true}
[INFO  - 2014-03-09T17:43:17.517Z] Session [4c2ad6a0-a7b2-11e3-a8c8-41ea675f8a52] - page.customHeaders:  - {}
[INFO  - 2014-03-09T17:43:17.517Z] Session [4c2ad6a0-a7b2-11e3-a8c8-41ea675f8a52] - Session.negotiatedCapabilities - {"browserName":"phantomjs","version":"1.9.7","driverName":"ghostdriver","driverVersion":"1.1.0","platform":"mac-10.8 (Mountain Lion)-64bit","javascriptEnabled":true,"takesScreenshot":true,"handlesAlerts":false,"databaseEnabled":false,"locationContextEnabled":false,"applicationCacheEnabled":false,"browserConnectionEnabled":false,"cssSelectorsEnabled":true,"webStorageEnabled":false,"rotatable":false,"acceptSslCerts":false,"nativeEvents":true,"proxy":{"proxyType":"direct"}}
[INFO  - 2014-03-09T17:43:17.517Z] SessionManagerReqHand - _postNewSessionCommand - New Session Created: 4c2ad6a0-a7b2-11e3-a8c8-41ea675f8a52
[INFO  - 2014-03-09T17:43:48.187Z] GhostDriver - Main - running on port 53711
[INFO  - 2014-03-09T17:43:48.216Z] Session [5e772250-a7b2-11e3-a085-dbc9c1fba88c] - page.settings - {"XSSAuditingEnabled":false,"javascriptCanCloseWindows":true,"javascriptCanOpenWindows":true,"javascriptEnabled":true,"loadImages":true,"localToRemoteUrlAccessEnabled":false,"userAgent":"Mozilla/5.0 (Macintosh; PPC Mac OS X) AppleWebKit/534.34 (KHTML, like Gecko) PhantomJS/1.9.7 Safari/534.34","webSecurityEnabled":true}
[INFO  - 2014-03-09T17:43:48.216Z] Session [5e772250-a7b2-11e3-a085-dbc9c1fba88c] - page.customHeaders:  - {}
[INFO  - 2014-03-09T17:43:48.216Z] Session [5e772250-a7b2-11e3-a085-dbc9c1fba88c] - Session.negotiatedCapabilities - {"browserName":"phantomjs","version":"1.9.7","driverName":"ghostdriver","driverVersion":"1.1.0","platform":"mac-10.8 (Mountain Lion)-64bit","javascriptEnabled":true,"takesScreenshot":true,"handlesAlerts":false,"databaseEnabled":false,"locationContextEnabled":false,"applicationCacheEnabled":false,"browserConnectionEnabled":false,"cssSelectorsEnabled":true,"webStorageEnabled":false,"rotatable":false,"acceptSslCerts":false,"nativeEvents":true,"proxy":{"proxyType":"direct"}}
[INFO  - 2014-03-09T17:43:48.216Z] SessionManagerReqHand - _postNewSessionCommand - New Session Created: 5e772250-a7b2-11e3-a085-dbc9c1fba88c
[INFO  - 2014-03-09T17:44:15.347Z] GhostDriver - Main - running on port 60465
[INFO  - 2014-03-09T17:44:15.373Z] Session [6ea6f6a0-a7b2-11e3-83ad-c5df287c973a] - page.settings - {"XSSAuditingEnabled":false,"javascriptCanCloseWindows":true,"javascriptCanOpenWindows":true,"javascriptEnabled":true,"loadImages":true,"localToRemoteUrlAccessEnabled":false,"userAgent":"Mozilla/5.0 (Macintosh; PPC Mac OS X) AppleWebKit/534.34 (KHTML, like Gecko) PhantomJS/1.9.7 Safari/534.34","webSecurityEnabled":true}
[INFO  - 2014-03-09T17:44:15.374Z] Session [6ea6f6a0-a7b2-11e3-83ad-c5df287c973a] - page.customHeaders:  - {}
[INFO  - 2014-03-09T17:44:15.374Z] Session [6ea6f6a0-a7b2-11e3-83ad-c5df287c973a] - Session.negotiatedCapabilities - {"browserName":"phantomjs","version":"1.9.7","driverName":"ghostdriver","driverVersion":"1.1.0","platform":"mac-10.8 (Mountain Lion)-64bit","javascriptEnabled":true,"takesScreenshot":true,"handlesAlerts":false,"databaseEnabled":false,"locationContextEnabled":false,"applicationCacheEnabled":false,"browserConnectionEnabled":false,"cssSelectorsEnabled":true,"webStorageEnabled":false,"rotatable":false,"acceptSslCerts":false,"nativeEvents":true,"proxy":{"proxyType":"direct"}}
[INFO  - 2014-03-09T17:44:15.374Z] SessionManagerReqHand - _postNewSessionCommand - New Session Created: 6ea6f6a0-a7b2-11e3-83ad-c5df287c973a
[INFO  - 2014-03-09T17:44:31.337Z] GhostDriver - Main - running on port 51679
[INFO  - 2014-03-09T17:44:31.368Z] Session [782f9b50-a7b2-11e3-9b59-89bca1204ad3] - page.settings - {"XSSAuditingEnabled":false,"javascriptCanCloseWindows":true,"javascriptCanOpenWindows":true,"javascriptEnabled":true,"loadImages":true,"localToRemoteUrlAccessEnabled":false,"userAgent":"Mozilla/5.0 (Macintosh; PPC Mac OS X) AppleWebKit/534.34 (KHTML, like Gecko) PhantomJS/1.9.7 Safari/534.34","webSecurityEnabled":true}
[INFO  - 2014-03-09T17:44:31.368Z] Session [782f9b50-a7b2-11e3-9b59-89bca1204ad3] - page.customHeaders:  - {}
[INFO  - 2014-03-09T17:44:31.368Z] Session [782f9b50-a7b2-11e3-9b59-89bca1204ad3] - Session.negotiatedCapabilities - {"browserName":"phantomjs","version":"1.9.7","driverName":"ghostdriver","driverVersion":"1.1.0","platform":"mac-10.8 (Mountain Lion)-64bit","javascriptEnabled":true,"takesScreenshot":true,"handlesAlerts":false,"databaseEnabled":false,"locationContextEnabled":false,"applicationCacheEnabled":false,"browserConnectionEnabled":false,"cssSelectorsEnabled":true,"webStorageEnabled":false,"rotatable":false,"acceptSslCerts":false,"nativeEvents":true,"proxy":{"proxyType":"direct"}}
[INFO  - 2014-03-09T17:44:31.369Z] SessionManagerReqHand - _postNewSessionCommand - New Session Created: 782f9b50-a7b2-11e3-9b59-89bca1204ad3
[INFO  - 2014-03-09T18:43:20.682Z] GhostDriver - Main - running on port 58038
[INFO  - 2014-03-09T18:43:20.747Z] Session [afdbf370-a7ba-11e3-b597-1fd46ebe7e42] - page.settings - {"XSSAuditingEnabled":false,"javascriptCanCloseWindows":true,"javascriptCanOpenWindows":true,"javascriptEnabled":true,"loadImages":true,"localToRemoteUrlAccessEnabled":false,"userAgent":"Mozilla/5.0 (Macintosh; PPC Mac OS X) AppleWebKit/534.34 (KHTML, like Gecko) PhantomJS/1.9.7 Safari/534.34","webSecurityEnabled":true}
[INFO  - 2014-03-09T18:43:20.747Z] Session [afdbf370-a7ba-11e3-b597-1fd46ebe7e42] - page.customHeaders:  - {}
[INFO  - 2014-03-09T18:43:20.747Z] Session [afdbf370-a7ba-11e3-b597-1fd46ebe7e42] - Session.negotiatedCapabilities - {"browserName":"phantomjs","version":"1.9.7","driverName":"ghostdriver","driverVersion":"1.1.0","platform":"mac-10.8 (Mountain Lion)-64bit","javascriptEnabled":true,"takesScreenshot":true,"handlesAlerts":false,"databaseEnabled":false,"locationContextEnabled":false,"applicationCacheEnabled":false,"browserConnectionEnabled":false,"cssSelectorsEnabled":true,"webStorageEnabled":false,"rotatable":false,"acceptSslCerts":false,"nativeEvents":true,"proxy":{"proxyType":"direct"}}
[INFO  - 2014-03-09T18:43:20.747Z] SessionManagerReqHand - _postNewSessionCommand - New Session Created: afdbf370-a7ba-11e3-b597-1fd46ebe7e42
[INFO  - 2014-03-09T18:44:09.454Z] GhostDriver - Main - running on port 53457
[INFO  - 2014-03-09T18:44:09.496Z] Session [ccea9c50-a7ba-11e3-9a50-17e5035bb168] - page.settings - {"XSSAuditingEnabled":false,"javascriptCanCloseWindows":true,"javascriptCanOpenWindows":true,"javascriptEnabled":true,"loadImages":true,"localToRemoteUrlAccessEnabled":false,"userAgent":"Mozilla/5.0 (Macintosh; PPC Mac OS X) AppleWebKit/534.34 (KHTML, like Gecko) PhantomJS/1.9.7 Safari/534.34","webSecurityEnabled":true}
[INFO  - 2014-03-09T18:44:09.496Z] Session [ccea9c50-a7ba-11e3-9a50-17e5035bb168] - page.customHeaders:  - {}
[INFO  - 2014-03-09T18:44:09.496Z] Session [ccea9c50-a7ba-11e3-9a50-17e5035bb168] - Session.negotiatedCapabilities - {"browserName":"phantomjs","version":"1.9.7","driverName":"ghostdriver","driverVersion":"1.1.0","platform":"mac-10.8 (Mountain Lion)-64bit","javascriptEnabled":true,"takesScreenshot":true,"handlesAlerts":false,"databaseEnabled":false,"locationContextEnabled":false,"applicationCacheEnabled":false,"browserConnectionEnabled":false,"cssSelectorsEnabled":true,"webStorageEnabled":false,"rotatable":false,"acceptSslCerts":false,"nativeEvents":true,"proxy":{"proxyType":"direct"}}
[INFO  - 2014-03-09T18:44:09.496Z] SessionManagerReqHand - _postNewSessionCommand - New Session Created: ccea9c50-a7ba-11e3-9a50-17e5035bb168
[INFO  - 2014-03-09T18:44:26.205Z] GhostDriver - Main - running on port 64413
[INFO  - 2014-03-09T18:44:26.257Z] Session [d6e822e0-a7ba-11e3-9c03-97c389e34213] - page.settings - {"XSSAuditingEnabled":false,"javascriptCanCloseWindows":true,"javascriptCanOpenWindows":true,"javascriptEnabled":true,"loadImages":true,"localToRemoteUrlAccessEnabled":false,"userAgent":"Mozilla/5.0 (Macintosh; PPC Mac OS X) AppleWebKit/534.34 (KHTML, like Gecko) PhantomJS/1.9.7 Safari/534.34","webSecurityEnabled":true}
[INFO  - 2014-03-09T18:44:26.257Z] Session [d6e822e0-a7ba-11e3-9c03-97c389e34213] - page.customHeaders:  - {}
[INFO  - 2014-03-09T18:44:26.257Z] Session [d6e822e0-a7ba-11e3-9c03-97c389e34213] - Session.negotiatedCapabilities - {"browserName":"phantomjs","version":"1.9.7","driverName":"ghostdriver","driverVersion":"1.1.0","platform":"mac-10.8 (Mountain Lion)-64bit","javascriptEnabled":true,"takesScreenshot":true,"handlesAlerts":false,"databaseEnabled":false,"locationContextEnabled":false,"applicationCacheEnabled":false,"browserConnectionEnabled":false,"cssSelectorsEnabled":true,"webStorageEnabled":false,"rotatable":false,"acceptSslCerts":false,"nativeEvents":true,"proxy":{"proxyType":"direct"}}
[INFO  - 2014-03-09T18:44:26.257Z] SessionManagerReqHand - _postNewSessionCommand - New Session Created: d6e822e0-a7ba-11e3-9c03-97c389e34213
[INFO  - 2014-03-09T18:44:45.353Z] GhostDriver - Main - running on port 57168
[INFO  - 2014-03-09T18:44:45.401Z] Session [e2514760-a7ba-11e3-9097-e5a30e940456] - page.settings - {"XSSAuditingEnabled":false,"javascriptCanCloseWindows":true,"javascriptCanOpenWindows":true,"javascriptEnabled":true,"loadImages":true,"localToRemoteUrlAccessEnabled":false,"userAgent":"Mozilla/5.0 (Macintosh; PPC Mac OS X) AppleWebKit/534.34 (KHTML, like Gecko) PhantomJS/1.9.7 Safari/534.34","webSecurityEnabled":true}
[INFO  - 2014-03-09T18:44:45.401Z] Session [e2514760-a7ba-11e3-9097-e5a30e940456] - page.customHeaders:  - {}
[INFO  - 2014-03-09T18:44:45.401Z] Session [e2514760-a7ba-11e3-9097-e5a30e940456] - Session.negotiatedCapabilities - {"browserName":"phantomjs","version":"1.9.7","driverName":"ghostdriver","driverVersion":"1.1.0","platform":"mac-10.8 (Mountain Lion)-64bit","javascriptEnabled":true,"takesScreenshot":true,"handlesAlerts":false,"databaseEnabled":false,"locationContextEnabled":false,"applicationCacheEnabled":false,"browserConnectionEnabled":false,"cssSelectorsEnabled":true,"webStorageEnabled":false,"rotatable":false,"acceptSslCerts":false,"nativeEvents":true,"proxy":{"proxyType":"direct"}}
[INFO  - 2014-03-09T18:44:45.402Z] SessionManagerReqHand - _postNewSessionCommand - New Session Created: e2514760-a7ba-11e3-9097-e5a30e940456
[INFO  - 2014-03-09T18:45:36.180Z] GhostDriver - Main - running on port 49221
[INFO  - 2014-03-09T18:45:36.226Z] Session [009c67e0-a7bb-11e3-835a-fd0937fe4522] - page.settings - {"XSSAuditingEnabled":false,"javascriptCanCloseWindows":true,"javascriptCanOpenWindows":true,"javascriptEnabled":true,"loadImages":true,"localToRemoteUrlAccessEnabled":false,"userAgent":"Mozilla/5.0 (Macintosh; PPC Mac OS X) AppleWebKit/534.34 (KHTML, like Gecko) PhantomJS/1.9.7 Safari/534.34","webSecurityEnabled":true}
[INFO  - 2014-03-09T18:45:36.226Z] Session [009c67e0-a7bb-11e3-835a-fd0937fe4522] - page.customHeaders:  - {}
[INFO  - 2014-03-09T18:45:36.226Z] Session [009c67e0-a7bb-11e3-835a-fd0937fe4522] - Session.negotiatedCapabilities - {"browserName":"phantomjs","version":"1.9.7","driverName":"ghostdriver","driverVersion":"1.1.0","platform":"mac-10.8 (Mountain Lion)-64bit","javascriptEnabled":true,"takesScreenshot":true,"handlesAlerts":false,"databaseEnabled":false,"locationContextEnabled":false,"applicationCacheEnabled":false,"browserConnectionEnabled":false,"cssSelectorsEnabled":true,"webStorageEnabled":false,"rotatable":false,"acceptSslCerts":false,"nativeEvents":true,"proxy":{"proxyType":"direct"}}
[INFO  - 2014-03-09T18:45:36.226Z] SessionManagerReqHand - _postNewSessionCommand - New Session Created: 009c67e0-a7bb-11e3-835a-fd0937fe4522
[INFO  - 2014-03-09T18:46:06.665Z] GhostDriver - Main - running on port 61444
[INFO  - 2014-03-09T18:46:06.700Z] Session [12c68590-a7bb-11e3-a5f5-55f2e2c6d1fb] - page.settings - {"XSSAuditingEnabled":false,"javascriptCanCloseWindows":true,"javascriptCanOpenWindows":true,"javascriptEnabled":true,"loadImages":true,"localToRemoteUrlAccessEnabled":false,"userAgent":"Mozilla/5.0 (Macintosh; PPC Mac OS X) AppleWebKit/534.34 (KHTML, like Gecko) PhantomJS/1.9.7 Safari/534.34","webSecurityEnabled":true}
[INFO  - 2014-03-09T18:46:06.700Z] Session [12c68590-a7bb-11e3-a5f5-55f2e2c6d1fb] - page.customHeaders:  - {}
[INFO  - 2014-03-09T18:46:06.700Z] Session [12c68590-a7bb-11e3-a5f5-55f2e2c6d1fb] - Session.negotiatedCapabilities - {"browserName":"phantomjs","version":"1.9.7","driverName":"ghostdriver","driverVersion":"1.1.0","platform":"mac-10.8 (Mountain Lion)-64bit","javascriptEnabled":true,"takesScreenshot":true,"handlesAlerts":false,"databaseEnabled":false,"locationContextEnabled":false,"applicationCacheEnabled":false,"browserConnectionEnabled":false,"cssSelectorsEnabled":true,"webStorageEnabled":false,"rotatable":false,"acceptSslCerts":false,"nativeEvents":true,"proxy":{"proxyType":"direct"}}
[INFO  - 2014-03-09T18:46:06.700Z] SessionManagerReqHand - _postNewSessionCommand - New Session Created: 12c68590-a7bb-11e3-a5f5-55f2e2c6d1fb
[INFO  - 2014-03-09T18:46:41.410Z] GhostDriver - Main - running on port 65344
[INFO  - 2014-03-09T18:46:41.430Z] Session [2779bf20-a7bb-11e3-be4c-995e4ab56fc6] - page.settings - {"XSSAuditingEnabled":false,"javascriptCanCloseWindows":true,"javascriptCanOpenWindows":true,"javascriptEnabled":true,"loadImages":true,"localToRemoteUrlAccessEnabled":false,"userAgent":"Mozilla/5.0 (Macintosh; PPC Mac OS X) AppleWebKit/534.34 (KHTML, like Gecko) PhantomJS/1.9.7 Safari/534.34","webSecurityEnabled":true}
[INFO  - 2014-03-09T18:46:41.430Z] Session [2779bf20-a7bb-11e3-be4c-995e4ab56fc6] - page.customHeaders:  - {}
[INFO  - 2014-03-09T18:46:41.430Z] Session [2779bf20-a7bb-11e3-be4c-995e4ab56fc6] - Session.negotiatedCapabilities - {"browserName":"phantomjs","version":"1.9.7","driverName":"ghostdriver","driverVersion":"1.1.0","platform":"mac-10.8 (Mountain Lion)-64bit","javascriptEnabled":true,"takesScreenshot":true,"handlesAlerts":false,"databaseEnabled":false,"locationContextEnabled":false,"applicationCacheEnabled":false,"browserConnectionEnabled":false,"cssSelectorsEnabled":true,"webStorageEnabled":false,"rotatable":false,"acceptSslCerts":false,"nativeEvents":true,"proxy":{"proxyType":"direct"}}
[INFO  - 2014-03-09T18:46:41.430Z] SessionManagerReqHand - _postNewSessionCommand - New Session Created: 2779bf20-a7bb-11e3-be4c-995e4ab56fc6
[INFO  - 2014-03-09T18:52:49.825Z] GhostDriver - Main - running on port 64034
[INFO  - 2014-03-09T18:52:49.863Z] Session [03145040-a7bc-11e3-b141-43a3ecde8bed] - page.settings - {"XSSAuditingEnabled":false,"javascriptCanCloseWindows":true,"javascriptCanOpenWindows":true,"javascriptEnabled":true,"loadImages":true,"localToRemoteUrlAccessEnabled":false,"userAgent":"Mozilla/5.0 (Macintosh; PPC Mac OS X) AppleWebKit/534.34 (KHTML, like Gecko) PhantomJS/1.9.7 Safari/534.34","webSecurityEnabled":true}
[INFO  - 2014-03-09T18:52:49.863Z] Session [03145040-a7bc-11e3-b141-43a3ecde8bed] - page.customHeaders:  - {}
[INFO  - 2014-03-09T18:52:49.863Z] Session [03145040-a7bc-11e3-b141-43a3ecde8bed] - Session.negotiatedCapabilities - {"browserName":"phantomjs","version":"1.9.7","driverName":"ghostdriver","driverVersion":"1.1.0","platform":"mac-10.8 (Mountain Lion)-64bit","javascriptEnabled":true,"takesScreenshot":true,"handlesAlerts":false,"databaseEnabled":false,"locationContextEnabled":false,"applicationCacheEnabled":false,"browserConnectionEnabled":false,"cssSelectorsEnabled":true,"webStorageEnabled":false,"rotatable":false,"acceptSslCerts":false,"nativeEvents":true,"proxy":{"proxyType":"direct"}}
[INFO  - 2014-03-09T18:52:49.864Z] SessionManagerReqHand - _postNewSessionCommand - New Session Created: 03145040-a7bc-11e3-b141-43a3ecde8bed
[INFO  - 2014-03-09T21:51:07.285Z] GhostDriver - Main - running on port 49729
[INFO  - 2014-03-09T21:51:07.321Z] Session [eb42b650-a7d4-11e3-bc1f-6f65af16b03e] - page.settings - {"XSSAuditingEnabled":false,"javascriptCanCloseWindows":true,"javascriptCanOpenWindows":true,"javascriptEnabled":true,"loadImages":true,"localToRemoteUrlAccessEnabled":false,"userAgent":"Mozilla/5.0 (Macintosh; PPC Mac OS X) AppleWebKit/534.34 (KHTML, like Gecko) PhantomJS/1.9.7 Safari/534.34","webSecurityEnabled":true}
[INFO  - 2014-03-09T21:51:07.321Z] Session [eb42b650-a7d4-11e3-bc1f-6f65af16b03e] - page.customHeaders:  - {}
[INFO  - 2014-03-09T21:51:07.321Z] Session [eb42b650-a7d4-11e3-bc1f-6f65af16b03e] - Session.negotiatedCapabilities - {"browserName":"phantomjs","version":"1.9.7","driverName":"ghostdriver","driverVersion":"1.1.0","platform":"mac-10.8 (Mountain Lion)-64bit","javascriptEnabled":true,"takesScreenshot":true,"handlesAlerts":false,"databaseEnabled":false,"locationContextEnabled":false,"applicationCacheEnabled":false,"browserConnectionEnabled":false,"cssSelectorsEnabled":true,"webStorageEnabled":false,"rotatable":false,"acceptSslCerts":false,"nativeEvents":true,"proxy":{"proxyType":"direct"}}
[INFO  - 2014-03-09T21:51:07.321Z] SessionManagerReqHand - _postNewSessionCommand - New Session Created: eb42b650-a7d4-11e3-bc1f-6f65af16b03e
[INFO  - 2014-03-09T21:51:58.308Z] GhostDriver - Main - running on port 56821
[INFO  - 2014-03-09T21:51:58.351Z] Session [09ad6cc0-a7d5-11e3-ba4d-cf77daa67829] - page.settings - {"XSSAuditingEnabled":false,"javascriptCanCloseWindows":true,"javascriptCanOpenWindows":true,"javascriptEnabled":true,"loadImages":true,"localToRemoteUrlAccessEnabled":false,"userAgent":"Mozilla/5.0 (Macintosh; PPC Mac OS X) AppleWebKit/534.34 (KHTML, like Gecko) PhantomJS/1.9.7 Safari/534.34","webSecurityEnabled":true}
[INFO  - 2014-03-09T21:51:58.351Z] Session [09ad6cc0-a7d5-11e3-ba4d-cf77daa67829] - page.customHeaders:  - {}
[INFO  - 2014-03-09T21:51:58.351Z] Session [09ad6cc0-a7d5-11e3-ba4d-cf77daa67829] - Session.negotiatedCapabilities - {"browserName":"phantomjs","version":"1.9.7","driverName":"ghostdriver","driverVersion":"1.1.0","platform":"mac-10.8 (Mountain Lion)-64bit","javascriptEnabled":true,"takesScreenshot":true,"handlesAlerts":false,"databaseEnabled":false,"locationContextEnabled":false,"applicationCacheEnabled":false,"browserConnectionEnabled":false,"cssSelectorsEnabled":true,"webStorageEnabled":false,"rotatable":false,"acceptSslCerts":false,"nativeEvents":true,"proxy":{"proxyType":"direct"}}
[INFO  - 2014-03-09T21:51:58.351Z] SessionManagerReqHand - _postNewSessionCommand - New Session Created: 09ad6cc0-a7d5-11e3-ba4d-cf77daa67829
[INFO  - 2014-03-09T21:52:26.064Z] GhostDriver - Main - running on port 64067
[INFO  - 2014-03-09T21:52:26.084Z] Session [1a34fe00-a7d5-11e3-995f-d92206076927] - page.settings - {"XSSAuditingEnabled":false,"javascriptCanCloseWindows":true,"javascriptCanOpenWindows":true,"javascriptEnabled":true,"loadImages":true,"localToRemoteUrlAccessEnabled":false,"userAgent":"Mozilla/5.0 (Macintosh; PPC Mac OS X) AppleWebKit/534.34 (KHTML, like Gecko) PhantomJS/1.9.7 Safari/534.34","webSecurityEnabled":true}
[INFO  - 2014-03-09T21:52:26.084Z] Session [1a34fe00-a7d5-11e3-995f-d92206076927] - page.customHeaders:  - {}
[INFO  - 2014-03-09T21:52:26.084Z] Session [1a34fe00-a7d5-11e3-995f-d92206076927] - Session.negotiatedCapabilities - {"browserName":"phantomjs","version":"1.9.7","driverName":"ghostdriver","driverVersion":"1.1.0","platform":"mac-10.8 (Mountain Lion)-64bit","javascriptEnabled":true,"takesScreenshot":true,"handlesAlerts":false,"databaseEnabled":false,"locationContextEnabled":false,"applicationCacheEnabled":false,"browserConnectionEnabled":false,"cssSelectorsEnabled":true,"webStorageEnabled":false,"rotatable":false,"acceptSslCerts":false,"nativeEvents":true,"proxy":{"proxyType":"direct"}}
[INFO  - 2014-03-09T21:52:26.084Z] SessionManagerReqHand - _postNewSessionCommand - New Session Created: 1a34fe00-a7d5-11e3-995f-d92206076927
[INFO  - 2014-03-09T21:53:33.930Z] GhostDriver - Main - running on port 59587
[INFO  - 2014-03-09T21:53:33.978Z] Session [42acf270-a7d5-11e3-a4f7-917f5ed5e925] - page.settings - {"XSSAuditingEnabled":false,"javascriptCanCloseWindows":true,"javascriptCanOpenWindows":true,"javascriptEnabled":true,"loadImages":true,"localToRemoteUrlAccessEnabled":false,"userAgent":"Mozilla/5.0 (Macintosh; PPC Mac OS X) AppleWebKit/534.34 (KHTML, like Gecko) PhantomJS/1.9.7 Safari/534.34","webSecurityEnabled":true}
[INFO  - 2014-03-09T21:53:33.978Z] Session [42acf270-a7d5-11e3-a4f7-917f5ed5e925] - page.customHeaders:  - {}
[INFO  - 2014-03-09T21:53:33.978Z] Session [42acf270-a7d5-11e3-a4f7-917f5ed5e925] - Session.negotiatedCapabilities - {"browserName":"phantomjs","version":"1.9.7","driverName":"ghostdriver","driverVersion":"1.1.0","platform":"mac-10.8 (Mountain Lion)-64bit","javascriptEnabled":true,"takesScreenshot":true,"handlesAlerts":false,"databaseEnabled":false,"locationContextEnabled":false,"applicationCacheEnabled":false,"browserConnectionEnabled":false,"cssSelectorsEnabled":true,"webStorageEnabled":false,"rotatable":false,"acceptSslCerts":false,"nativeEvents":true,"proxy":{"proxyType":"direct"}}
[INFO  - 2014-03-09T21:53:33.978Z] SessionManagerReqHand - _postNewSessionCommand - New Session Created: 42acf270-a7d5-11e3-a4f7-917f5ed5e925
[INFO  - 2014-03-09T21:53:48.240Z] GhostDriver - Main - running on port 62559
[INFO  - 2014-03-09T21:53:48.290Z] Session [4b34c8f0-a7d5-11e3-be34-5176896ccf6b] - page.settings - {"XSSAuditingEnabled":false,"javascriptCanCloseWindows":true,"javascriptCanOpenWindows":true,"javascriptEnabled":true,"loadImages":true,"localToRemoteUrlAccessEnabled":false,"userAgent":"Mozilla/5.0 (Macintosh; PPC Mac OS X) AppleWebKit/534.34 (KHTML, like Gecko) PhantomJS/1.9.7 Safari/534.34","webSecurityEnabled":true}
[INFO  - 2014-03-09T21:53:48.290Z] Session [4b34c8f0-a7d5-11e3-be34-5176896ccf6b] - page.customHeaders:  - {}
[INFO  - 2014-03-09T21:53:48.290Z] Session [4b34c8f0-a7d5-11e3-be34-5176896ccf6b] - Session.negotiatedCapabilities - {"browserName":"phantomjs","version":"1.9.7","driverName":"ghostdriver","driverVersion":"1.1.0","platform":"mac-10.8 (Mountain Lion)-64bit","javascriptEnabled":true,"takesScreenshot":true,"handlesAlerts":false,"databaseEnabled":false,"locationContextEnabled":false,"applicationCacheEnabled":false,"browserConnectionEnabled":false,"cssSelectorsEnabled":true,"webStorageEnabled":false,"rotatable":false,"acceptSslCerts":false,"nativeEvents":true,"proxy":{"proxyType":"direct"}}
[INFO  - 2014-03-09T21:53:48.291Z] SessionManagerReqHand - _postNewSessionCommand - New Session Created: 4b34c8f0-a7d5-11e3-be34-5176896ccf6b
[INFO  - 2014-03-09T21:56:20.067Z] GhostDriver - Main - running on port 52365
[INFO  - 2014-03-09T21:56:20.094Z] Session [a5b063c0-a7d5-11e3-892c-4512713ede93] - page.settings - {"XSSAuditingEnabled":false,"javascriptCanCloseWindows":true,"javascriptCanOpenWindows":true,"javascriptEnabled":true,"loadImages":true,"localToRemoteUrlAccessEnabled":false,"userAgent":"Mozilla/5.0 (Macintosh; PPC Mac OS X) AppleWebKit/534.34 (KHTML, like Gecko) PhantomJS/1.9.7 Safari/534.34","webSecurityEnabled":true}
[INFO  - 2014-03-09T21:56:20.095Z] Session [a5b063c0-a7d5-11e3-892c-4512713ede93] - page.customHeaders:  - {}
[INFO  - 2014-03-09T21:56:20.095Z] Session [a5b063c0-a7d5-11e3-892c-4512713ede93] - Session.negotiatedCapabilities - {"browserName":"phantomjs","version":"1.9.7","driverName":"ghostdriver","driverVersion":"1.1.0","platform":"mac-10.8 (Mountain Lion)-64bit","javascriptEnabled":true,"takesScreenshot":true,"handlesAlerts":false,"databaseEnabled":false,"locationContextEnabled":false,"applicationCacheEnabled":false,"browserConnectionEnabled":false,"cssSelectorsEnabled":true,"webStorageEnabled":false,"rotatable":false,"acceptSslCerts":false,"nativeEvents":true,"proxy":{"proxyType":"direct"}}
[INFO  - 2014-03-09T21:56:20.095Z] SessionManagerReqHand - _postNewSessionCommand - New Session Created: a5b063c0-a7d5-11e3-892c-4512713ede93
[INFO  - 2014-03-09T21:57:18.903Z] GhostDriver - Main - running on port 55781
[INFO  - 2014-03-09T21:57:18.945Z] Session [c8c42fe0-a7d5-11e3-82ea-f9801d06c5ed] - page.settings - {"XSSAuditingEnabled":false,"javascriptCanCloseWindows":true,"javascriptCanOpenWindows":true,"javascriptEnabled":true,"loadImages":true,"localToRemoteUrlAccessEnabled":false,"userAgent":"Mozilla/5.0 (Macintosh; PPC Mac OS X) AppleWebKit/534.34 (KHTML, like Gecko) PhantomJS/1.9.7 Safari/534.34","webSecurityEnabled":true}
[INFO  - 2014-03-09T21:57:18.945Z] Session [c8c42fe0-a7d5-11e3-82ea-f9801d06c5ed] - page.customHeaders:  - {}
[INFO  - 2014-03-09T21:57:18.945Z] Session [c8c42fe0-a7d5-11e3-82ea-f9801d06c5ed] - Session.negotiatedCapabilities - {"browserName":"phantomjs","version":"1.9.7","driverName":"ghostdriver","driverVersion":"1.1.0","platform":"mac-10.8 (Mountain Lion)-64bit","javascriptEnabled":true,"takesScreenshot":true,"handlesAlerts":false,"databaseEnabled":false,"locationContextEnabled":false,"applicationCacheEnabled":false,"browserConnectionEnabled":false,"cssSelectorsEnabled":true,"webStorageEnabled":false,"rotatable":false,"acceptSslCerts":false,"nativeEvents":true,"proxy":{"proxyType":"direct"}}
[INFO  - 2014-03-09T21:57:18.945Z] SessionManagerReqHand - _postNewSessionCommand - New Session Created: c8c42fe0-a7d5-11e3-82ea-f9801d06c5ed
[INFO  - 2014-03-09T21:58:31.746Z] GhostDriver - Main - running on port 56032
[INFO  - 2014-03-09T21:58:31.804Z] Session [f4316f80-a7d5-11e3-bbca-b772c4ba86fd] - page.settings - {"XSSAuditingEnabled":false,"javascriptCanCloseWindows":true,"javascriptCanOpenWindows":true,"javascriptEnabled":true,"loadImages":true,"localToRemoteUrlAccessEnabled":false,"userAgent":"Mozilla/5.0 (Macintosh; PPC Mac OS X) AppleWebKit/534.34 (KHTML, like Gecko) PhantomJS/1.9.7 Safari/534.34","webSecurityEnabled":true}
[INFO  - 2014-03-09T21:58:31.804Z] Session [f4316f80-a7d5-11e3-bbca-b772c4ba86fd] - page.customHeaders:  - {}
[INFO  - 2014-03-09T21:58:31.804Z] Session [f4316f80-a7d5-11e3-bbca-b772c4ba86fd] - Session.negotiatedCapabilities - {"browserName":"phantomjs","version":"1.9.7","driverName":"ghostdriver","driverVersion":"1.1.0","platform":"mac-10.8 (Mountain Lion)-64bit","javascriptEnabled":true,"takesScreenshot":true,"handlesAlerts":false,"databaseEnabled":false,"locationContextEnabled":false,"applicationCacheEnabled":false,"browserConnectionEnabled":false,"cssSelectorsEnabled":true,"webStorageEnabled":false,"rotatable":false,"acceptSslCerts":false,"nativeEvents":true,"proxy":{"proxyType":"direct"}}
[INFO  - 2014-03-09T21:58:31.804Z] SessionManagerReqHand - _postNewSessionCommand - New Session Created: f4316f80-a7d5-11e3-bbca-b772c4ba86fd
[INFO  - 2014-03-09T22:00:23.767Z] GhostDriver - Main - running on port 50185
[INFO  - 2014-03-09T22:00:23.808Z] Session [36f40ad0-a7d6-11e3-b188-336ce03ca921] - page.settings - {"XSSAuditingEnabled":false,"javascriptCanCloseWindows":true,"javascriptCanOpenWindows":true,"javascriptEnabled":true,"loadImages":true,"localToRemoteUrlAccessEnabled":false,"userAgent":"Mozilla/5.0 (Macintosh; PPC Mac OS X) AppleWebKit/534.34 (KHTML, like Gecko) PhantomJS/1.9.7 Safari/534.34","webSecurityEnabled":true}
[INFO  - 2014-03-09T22:00:23.808Z] Session [36f40ad0-a7d6-11e3-b188-336ce03ca921] - page.customHeaders:  - {}
[INFO  - 2014-03-09T22:00:23.809Z] Session [36f40ad0-a7d6-11e3-b188-336ce03ca921] - Session.negotiatedCapabilities - {"browserName":"phantomjs","version":"1.9.7","driverName":"ghostdriver","driverVersion":"1.1.0","platform":"mac-10.8 (Mountain Lion)-64bit","javascriptEnabled":true,"takesScreenshot":true,"handlesAlerts":false,"databaseEnabled":false,"locationContextEnabled":false,"applicationCacheEnabled":false,"browserConnectionEnabled":false,"cssSelectorsEnabled":true,"webStorageEnabled":false,"rotatable":false,"acceptSslCerts":false,"nativeEvents":true,"proxy":{"proxyType":"direct"}}
[INFO  - 2014-03-09T22:00:23.809Z] SessionManagerReqHand - _postNewSessionCommand - New Session Created: 36f40ad0-a7d6-11e3-b188-336ce03ca921
[INFO  - 2014-03-09T22:00:54.430Z] GhostDriver - Main - running on port 61745
[INFO  - 2014-03-09T22:00:54.453Z] Session [49381920-a7d6-11e3-a2ca-8355372964bd] - page.settings - {"XSSAuditingEnabled":false,"javascriptCanCloseWindows":true,"javascriptCanOpenWindows":true,"javascriptEnabled":true,"loadImages":true,"localToRemoteUrlAccessEnabled":false,"userAgent":"Mozilla/5.0 (Macintosh; PPC Mac OS X) AppleWebKit/534.34 (KHTML, like Gecko) PhantomJS/1.9.7 Safari/534.34","webSecurityEnabled":true}
[INFO  - 2014-03-09T22:00:54.453Z] Session [49381920-a7d6-11e3-a2ca-8355372964bd] - page.customHeaders:  - {}
[INFO  - 2014-03-09T22:00:54.453Z] Session [49381920-a7d6-11e3-a2ca-8355372964bd] - Session.negotiatedCapabilities - {"browserName":"phantomjs","version":"1.9.7","driverName":"ghostdriver","driverVersion":"1.1.0","platform":"mac-10.8 (Mountain Lion)-64bit","javascriptEnabled":true,"takesScreenshot":true,"handlesAlerts":false,"databaseEnabled":false,"locationContextEnabled":false,"applicationCacheEnabled":false,"browserConnectionEnabled":false,"cssSelectorsEnabled":true,"webStorageEnabled":false,"rotatable":false,"acceptSslCerts":false,"nativeEvents":true,"proxy":{"proxyType":"direct"}}
[INFO  - 2014-03-09T22:00:54.453Z] SessionManagerReqHand - _postNewSessionCommand - New Session Created: 49381920-a7d6-11e3-a2ca-8355372964bd
[INFO  - 2014-03-09T22:02:23.904Z] GhostDriver - Main - running on port 63928
[INFO  - 2014-03-09T22:02:23.958Z] Session [7e917a30-a7d6-11e3-b538-d34c8e756af5] - page.settings - {"XSSAuditingEnabled":false,"javascriptCanCloseWindows":true,"javascriptCanOpenWindows":true,"javascriptEnabled":true,"loadImages":true,"localToRemoteUrlAccessEnabled":false,"userAgent":"Mozilla/5.0 (Macintosh; PPC Mac OS X) AppleWebKit/534.34 (KHTML, like Gecko) PhantomJS/1.9.7 Safari/534.34","webSecurityEnabled":true}
[INFO  - 2014-03-09T22:02:23.959Z] Session [7e917a30-a7d6-11e3-b538-d34c8e756af5] - page.customHeaders:  - {}
[INFO  - 2014-03-09T22:02:23.959Z] Session [7e917a30-a7d6-11e3-b538-d34c8e756af5] - Session.negotiatedCapabilities - {"browserName":"phantomjs","version":"1.9.7","driverName":"ghostdriver","driverVersion":"1.1.0","platform":"mac-10.8 (Mountain Lion)-64bit","javascriptEnabled":true,"takesScreenshot":true,"handlesAlerts":false,"databaseEnabled":false,"locationContextEnabled":false,"applicationCacheEnabled":false,"browserConnectionEnabled":false,"cssSelectorsEnabled":true,"webStorageEnabled":false,"rotatable":false,"acceptSslCerts":false,"nativeEvents":true,"proxy":{"proxyType":"direct"}}
[INFO  - 2014-03-09T22:02:23.959Z] SessionManagerReqHand - _postNewSessionCommand - New Session Created: 7e917a30-a7d6-11e3-b538-d34c8e756af5
[INFO  - 2014-03-09T23:31:46.465Z] GhostDriver - Main - running on port 52437
[INFO  - 2014-03-09T23:31:46.493Z] Session [fae33a90-a7e2-11e3-b0c5-0d3534f08d22] - page.settings - {"XSSAuditingEnabled":false,"javascriptCanCloseWindows":true,"javascriptCanOpenWindows":true,"javascriptEnabled":true,"loadImages":true,"localToRemoteUrlAccessEnabled":false,"userAgent":"Mozilla/5.0 (Macintosh; PPC Mac OS X) AppleWebKit/534.34 (KHTML, like Gecko) PhantomJS/1.9.7 Safari/534.34","webSecurityEnabled":true}
[INFO  - 2014-03-09T23:31:46.493Z] Session [fae33a90-a7e2-11e3-b0c5-0d3534f08d22] - page.customHeaders:  - {}
[INFO  - 2014-03-09T23:31:46.493Z] Session [fae33a90-a7e2-11e3-b0c5-0d3534f08d22] - Session.negotiatedCapabilities - {"browserName":"phantomjs","version":"1.9.7","driverName":"ghostdriver","driverVersion":"1.1.0","platform":"mac-10.8 (Mountain Lion)-64bit","javascriptEnabled":true,"takesScreenshot":true,"handlesAlerts":false,"databaseEnabled":false,"locationContextEnabled":false,"applicationCacheEnabled":false,"browserConnectionEnabled":false,"cssSelectorsEnabled":true,"webStorageEnabled":false,"rotatable":false,"acceptSslCerts":false,"nativeEvents":true,"proxy":{"proxyType":"direct"}}
[INFO  - 2014-03-09T23:31:46.493Z] SessionManagerReqHand - _postNewSessionCommand - New Session Created: fae33a90-a7e2-11e3-b0c5-0d3534f08d22
[INFO  - 2014-03-09T23:35:17.901Z] GhostDriver - Main - running on port 58345
[INFO  - 2014-03-09T23:35:17.949Z] Session [78ecda90-a7e3-11e3-8c06-a17b6352fe81] - page.settings - {"XSSAuditingEnabled":false,"javascriptCanCloseWindows":true,"javascriptCanOpenWindows":true,"javascriptEnabled":true,"loadImages":true,"localToRemoteUrlAccessEnabled":false,"userAgent":"Mozilla/5.0 (Macintosh; PPC Mac OS X) AppleWebKit/534.34 (KHTML, like Gecko) PhantomJS/1.9.7 Safari/534.34","webSecurityEnabled":true}
[INFO  - 2014-03-09T23:35:17.949Z] Session [78ecda90-a7e3-11e3-8c06-a17b6352fe81] - page.customHeaders:  - {}
[INFO  - 2014-03-09T23:35:17.949Z] Session [78ecda90-a7e3-11e3-8c06-a17b6352fe81] - Session.negotiatedCapabilities - {"browserName":"phantomjs","version":"1.9.7","driverName":"ghostdriver","driverVersion":"1.1.0","platform":"mac-10.8 (Mountain Lion)-64bit","javascriptEnabled":true,"takesScreenshot":true,"handlesAlerts":false,"databaseEnabled":false,"locationContextEnabled":false,"applicationCacheEnabled":false,"browserConnectionEnabled":false,"cssSelectorsEnabled":true,"webStorageEnabled":false,"rotatable":false,"acceptSslCerts":false,"nativeEvents":true,"proxy":{"proxyType":"direct"}}
[INFO  - 2014-03-09T23:35:17.950Z] SessionManagerReqHand - _postNewSessionCommand - New Session Created: 78ecda90-a7e3-11e3-8c06-a17b6352fe81
[INFO  - 2014-03-09T23:59:34.227Z] GhostDriver - Main - running on port 55903
[INFO  - 2014-03-09T23:59:34.285Z] Session [dcf83ea0-a7e6-11e3-a29e-372b2f847736] - page.settings - {"XSSAuditingEnabled":false,"javascriptCanCloseWindows":true,"javascriptCanOpenWindows":true,"javascriptEnabled":true,"loadImages":true,"localToRemoteUrlAccessEnabled":false,"userAgent":"Mozilla/5.0 (Macintosh; PPC Mac OS X) AppleWebKit/534.34 (KHTML, like Gecko) PhantomJS/1.9.7 Safari/534.34","webSecurityEnabled":true}
[INFO  - 2014-03-09T23:59:34.285Z] Session [dcf83ea0-a7e6-11e3-a29e-372b2f847736] - page.customHeaders:  - {}
[INFO  - 2014-03-09T23:59:34.285Z] Session [dcf83ea0-a7e6-11e3-a29e-372b2f847736] - Session.negotiatedCapabilities - {"browserName":"phantomjs","version":"1.9.7","driverName":"ghostdriver","driverVersion":"1.1.0","platform":"mac-10.8 (Mountain Lion)-64bit","javascriptEnabled":true,"takesScreenshot":true,"handlesAlerts":false,"databaseEnabled":false,"locationContextEnabled":false,"applicationCacheEnabled":false,"browserConnectionEnabled":false,"cssSelectorsEnabled":true,"webStorageEnabled":false,"rotatable":false,"acceptSslCerts":false,"nativeEvents":true,"proxy":{"proxyType":"direct"}}
[INFO  - 2014-03-09T23:59:34.285Z] SessionManagerReqHand - _postNewSessionCommand - New Session Created: dcf83ea0-a7e6-11e3-a29e-372b2f847736
[INFO  - 2014-03-10T00:00:26.585Z] GhostDriver - Main - running on port 53798
[INFO  - 2014-03-10T00:00:26.641Z] Session [fc2cfbd0-a7e6-11e3-b9e5-a135ccaf9854] - page.settings - {"XSSAuditingEnabled":false,"javascriptCanCloseWindows":true,"javascriptCanOpenWindows":true,"javascriptEnabled":true,"loadImages":true,"localToRemoteUrlAccessEnabled":false,"userAgent":"Mozilla/5.0 (Macintosh; PPC Mac OS X) AppleWebKit/534.34 (KHTML, like Gecko) PhantomJS/1.9.7 Safari/534.34","webSecurityEnabled":true}
[INFO  - 2014-03-10T00:00:26.641Z] Session [fc2cfbd0-a7e6-11e3-b9e5-a135ccaf9854] - page.customHeaders:  - {}
[INFO  - 2014-03-10T00:00:26.641Z] Session [fc2cfbd0-a7e6-11e3-b9e5-a135ccaf9854] - Session.negotiatedCapabilities - {"browserName":"phantomjs","version":"1.9.7","driverName":"ghostdriver","driverVersion":"1.1.0","platform":"mac-10.8 (Mountain Lion)-64bit","javascriptEnabled":true,"takesScreenshot":true,"handlesAlerts":false,"databaseEnabled":false,"locationContextEnabled":false,"applicationCacheEnabled":false,"browserConnectionEnabled":false,"cssSelectorsEnabled":true,"webStorageEnabled":false,"rotatable":false,"acceptSslCerts":false,"nativeEvents":true,"proxy":{"proxyType":"direct"}}
[INFO  - 2014-03-10T00:00:26.641Z] SessionManagerReqHand - _postNewSessionCommand - New Session Created: fc2cfbd0-a7e6-11e3-b9e5-a135ccaf9854
[INFO  - 2014-03-10T00:01:25.706Z] GhostDriver - Main - running on port 62099
[INFO  - 2014-03-10T00:01:25.763Z] Session [1f6a7000-a7e7-11e3-9aa5-5596c70fcda3] - page.settings - {"XSSAuditingEnabled":false,"javascriptCanCloseWindows":true,"javascriptCanOpenWindows":true,"javascriptEnabled":true,"loadImages":true,"localToRemoteUrlAccessEnabled":false,"userAgent":"Mozilla/5.0 (Macintosh; PPC Mac OS X) AppleWebKit/534.34 (KHTML, like Gecko) PhantomJS/1.9.7 Safari/534.34","webSecurityEnabled":true}
[INFO  - 2014-03-10T00:01:25.763Z] Session [1f6a7000-a7e7-11e3-9aa5-5596c70fcda3] - page.customHeaders:  - {}
[INFO  - 2014-03-10T00:01:25.763Z] Session [1f6a7000-a7e7-11e3-9aa5-5596c70fcda3] - Session.negotiatedCapabilities - {"browserName":"phantomjs","version":"1.9.7","driverName":"ghostdriver","driverVersion":"1.1.0","platform":"mac-10.8 (Mountain Lion)-64bit","javascriptEnabled":true,"takesScreenshot":true,"handlesAlerts":false,"databaseEnabled":false,"locationContextEnabled":false,"applicationCacheEnabled":false,"browserConnectionEnabled":false,"cssSelectorsEnabled":true,"webStorageEnabled":false,"rotatable":false,"acceptSslCerts":false,"nativeEvents":true,"proxy":{"proxyType":"direct"}}
[INFO  - 2014-03-10T00:01:25.763Z] SessionManagerReqHand - _postNewSessionCommand - New Session Created: 1f6a7000-a7e7-11e3-9aa5-5596c70fcda3
[INFO  - 2014-03-10T00:03:00.378Z] GhostDriver - Main - running on port 51230
[INFO  - 2014-03-10T00:03:00.419Z] Session [57d57de0-a7e7-11e3-ad3e-cb7d103bdaa9] - page.settings - {"XSSAuditingEnabled":false,"javascriptCanCloseWindows":true,"javascriptCanOpenWindows":true,"javascriptEnabled":true,"loadImages":true,"localToRemoteUrlAccessEnabled":false,"userAgent":"Mozilla/5.0 (Macintosh; PPC Mac OS X) AppleWebKit/534.34 (KHTML, like Gecko) PhantomJS/1.9.7 Safari/534.34","webSecurityEnabled":true}
[INFO  - 2014-03-10T00:03:00.419Z] Session [57d57de0-a7e7-11e3-ad3e-cb7d103bdaa9] - page.customHeaders:  - {}
[INFO  - 2014-03-10T00:03:00.419Z] Session [57d57de0-a7e7-11e3-ad3e-cb7d103bdaa9] - Session.negotiatedCapabilities - {"browserName":"phantomjs","version":"1.9.7","driverName":"ghostdriver","driverVersion":"1.1.0","platform":"mac-10.8 (Mountain Lion)-64bit","javascriptEnabled":true,"takesScreenshot":true,"handlesAlerts":false,"databaseEnabled":false,"locationContextEnabled":false,"applicationCacheEnabled":false,"browserConnectionEnabled":false,"cssSelectorsEnabled":true,"webStorageEnabled":false,"rotatable":false,"acceptSslCerts":false,"nativeEvents":true,"proxy":{"proxyType":"direct"}}
[INFO  - 2014-03-10T00:03:00.419Z] SessionManagerReqHand - _postNewSessionCommand - New Session Created: 57d57de0-a7e7-11e3-ad3e-cb7d103bdaa9
[INFO  - 2014-03-10T00:04:03.794Z] GhostDriver - Main - running on port 49204
[INFO  - 2014-03-10T00:04:03.852Z] Session [7da4e790-a7e7-11e3-9b83-e738576cf1d1] - page.settings - {"XSSAuditingEnabled":false,"javascriptCanCloseWindows":true,"javascriptCanOpenWindows":true,"javascriptEnabled":true,"loadImages":true,"localToRemoteUrlAccessEnabled":false,"userAgent":"Mozilla/5.0 (Macintosh; PPC Mac OS X) AppleWebKit/534.34 (KHTML, like Gecko) PhantomJS/1.9.7 Safari/534.34","webSecurityEnabled":true}
[INFO  - 2014-03-10T00:04:03.853Z] Session [7da4e790-a7e7-11e3-9b83-e738576cf1d1] - page.customHeaders:  - {}
[INFO  - 2014-03-10T00:04:03.853Z] Session [7da4e790-a7e7-11e3-9b83-e738576cf1d1] - Session.negotiatedCapabilities - {"browserName":"phantomjs","version":"1.9.7","driverName":"ghostdriver","driverVersion":"1.1.0","platform":"mac-10.8 (Mountain Lion)-64bit","javascriptEnabled":true,"takesScreenshot":true,"handlesAlerts":false,"databaseEnabled":false,"locationContextEnabled":false,"applicationCacheEnabled":false,"browserConnectionEnabled":false,"cssSelectorsEnabled":true,"webStorageEnabled":false,"rotatable":false,"acceptSslCerts":false,"nativeEvents":true,"proxy":{"proxyType":"direct"}}
[INFO  - 2014-03-10T00:04:03.853Z] SessionManagerReqHand - _postNewSessionCommand - New Session Created: 7da4e790-a7e7-11e3-9b83-e738576cf1d1
[INFO  - 2014-03-10T00:04:50.704Z] GhostDriver - Main - running on port 64818
[INFO  - 2014-03-10T00:04:50.745Z] Session [99983560-a7e7-11e3-af15-f783c0ddd05c] - page.settings - {"XSSAuditingEnabled":false,"javascriptCanCloseWindows":true,"javascriptCanOpenWindows":true,"javascriptEnabled":true,"loadImages":true,"localToRemoteUrlAccessEnabled":false,"userAgent":"Mozilla/5.0 (Macintosh; PPC Mac OS X) AppleWebKit/534.34 (KHTML, like Gecko) PhantomJS/1.9.7 Safari/534.34","webSecurityEnabled":true}
[INFO  - 2014-03-10T00:04:50.745Z] Session [99983560-a7e7-11e3-af15-f783c0ddd05c] - page.customHeaders:  - {}
[INFO  - 2014-03-10T00:04:50.745Z] Session [99983560-a7e7-11e3-af15-f783c0ddd05c] - Session.negotiatedCapabilities - {"browserName":"phantomjs","version":"1.9.7","driverName":"ghostdriver","driverVersion":"1.1.0","platform":"mac-10.8 (Mountain Lion)-64bit","javascriptEnabled":true,"takesScreenshot":true,"handlesAlerts":false,"databaseEnabled":false,"locationContextEnabled":false,"applicationCacheEnabled":false,"browserConnectionEnabled":false,"cssSelectorsEnabled":true,"webStorageEnabled":false,"rotatable":false,"acceptSslCerts":false,"nativeEvents":true,"proxy":{"proxyType":"direct"}}
[INFO  - 2014-03-10T00:04:50.745Z] SessionManagerReqHand - _postNewSessionCommand - New Session Created: 99983560-a7e7-11e3-af15-f783c0ddd05c
[INFO  - 2014-03-10T00:08:05.625Z] GhostDriver - Main - running on port 56902
[INFO  - 2014-03-10T00:08:05.685Z] Session [0dc9b120-a7e8-11e3-9da8-6ff119f8989c] - page.settings - {"XSSAuditingEnabled":false,"javascriptCanCloseWindows":true,"javascriptCanOpenWindows":true,"javascriptEnabled":true,"loadImages":true,"localToRemoteUrlAccessEnabled":false,"userAgent":"Mozilla/5.0 (Macintosh; PPC Mac OS X) AppleWebKit/534.34 (KHTML, like Gecko) PhantomJS/1.9.7 Safari/534.34","webSecurityEnabled":true}
[INFO  - 2014-03-10T00:08:05.685Z] Session [0dc9b120-a7e8-11e3-9da8-6ff119f8989c] - page.customHeaders:  - {}
[INFO  - 2014-03-10T00:08:05.685Z] Session [0dc9b120-a7e8-11e3-9da8-6ff119f8989c] - Session.negotiatedCapabilities - {"browserName":"phantomjs","version":"1.9.7","driverName":"ghostdriver","driverVersion":"1.1.0","platform":"mac-10.8 (Mountain Lion)-64bit","javascriptEnabled":true,"takesScreenshot":true,"handlesAlerts":false,"databaseEnabled":false,"locationContextEnabled":false,"applicationCacheEnabled":false,"browserConnectionEnabled":false,"cssSelectorsEnabled":true,"webStorageEnabled":false,"rotatable":false,"acceptSslCerts":false,"nativeEvents":true,"proxy":{"proxyType":"direct"}}
[INFO  - 2014-03-10T00:08:05.685Z] SessionManagerReqHand - _postNewSessionCommand - New Session Created: 0dc9b120-a7e8-11e3-9da8-6ff119f8989c
